# JRE version: OpenJDK Runtime Environment (11.0.10) (build 11.0.10+0-b96-7249189)
# Java VM: OpenJDK 64-Bit Server VM (11.0.10+0-b96-7249189, mixed mode, tiered, compressed oops, g1 gc, windows-amd64)
Heap:
 garbage-first heap   total 1061888K, used 203264K [0x0000000080000000, 0x0000000100000000)
  region size 1024K, 2 young (2048K), 2 survivors (2048K)
 Metaspace       used 147014K, capacity 151634K, committed 151808K, reserved 1181696K
  class space    used 18318K, capacity 19938K, committed 19968K, reserved 1048576K
GC Heap History (20 events):
Event: 1615.838 GC heap after
{Heap after GC invocations=168 (full 0):
 garbage-first heap   total 309248K, used 152401K [0x0000000080000000, 0x0000000100000000)
  region size 1024K, 3 young (3072K), 3 survivors (3072K)
 Metaspace       used 146381K, capacity 150885K, committed 151040K, reserved 1179648K
  class space    used 18281K, capacity 19869K, committed 19968K, reserved 1048576K
}
Event: 1617.456 GC heap before
{Heap before GC invocations=169 (full 0):
 garbage-first heap   total 309248K, used 212817K [0x0000000080000000, 0x0000000100000000)
  region size 1024K, 56 young (57344K), 3 survivors (3072K)
 Metaspace       used 146485K, capacity 150967K, committed 151296K, reserved 1181696K
  class space    used 18290K, capacity 19873K, committed 19968K, reserved 1048576K
}
Event: 1617.539 GC heap after
{Heap after GC invocations=170 (full 0):
 garbage-first heap   total 309248K, used 167334K [0x0000000080000000, 0x0000000100000000)
  region size 1024K, 7 young (7168K), 7 survivors (7168K)
 Metaspace       used 146485K, capacity 150967K, committed 151296K, reserved 1181696K
  class space    used 18290K, capacity 19873K, committed 19968K, reserved 1048576K
}
Event: 1617.661 GC heap before
{Heap before GC invocations=170 (full 0):
 garbage-first heap   total 309248K, used 175526K [0x0000000080000000, 0x0000000100000000)
  region size 1024K, 15 young (15360K), 7 survivors (7168K)
 Metaspace       used 146495K, capacity 150976K, committed 151296K, reserved 1181696K
  class space    used 18291K, capacity 19876K, committed 19968K, reserved 1048576K
}
Event: 1617.710 GC heap after
{Heap after GC invocations=171 (full 0):
 garbage-first heap   total 309248K, used 165888K [0x0000000080000000, 0x0000000100000000)
  region size 1024K, 1 young (1024K), 1 survivors (1024K)
 Metaspace       used 146495K, capacity 150976K, committed 151296K, reserved 1181696K
  class space    used 18291K, capacity 19876K, committed 19968K, reserved 1048576K
}
Event: 1618.179 GC heap before
{Heap before GC invocations=171 (full 0):
 garbage-first heap   total 309248K, used 204800K [0x0000000080000000, 0x0000000100000000)
  region size 1024K, 41 young (41984K), 1 survivors (1024K)
 Metaspace       used 146554K, capacity 151043K, committed 151296K, reserved 1181696K
  class space    used 18292K, capacity 19876K, committed 19968K, reserved 1048576K
}
Event: 1618.205 GC heap after
{Heap after GC invocations=172 (full 0):
 garbage-first heap   total 309248K, used 168343K [0x0000000080000000, 0x0000000100000000)
  region size 1024K, 4 young (4096K), 4 survivors (4096K)
 Metaspace       used 146554K, capacity 151043K, committed 151296K, reserved 1181696K
  class space    used 18292K, capacity 19876K, committed 19968K, reserved 1048576K
}
Event: 1619.251 GC heap before
{Heap before GC invocations=173 (full 0):
 garbage-first heap   total 309248K, used 228759K [0x0000000080000000, 0x0000000100000000)
  region size 1024K, 66 young (67584K), 4 survivors (4096K)
 Metaspace       used 146686K, capacity 151171K, committed 151296K, reserved 1181696K
  class space    used 18306K, capacity 19916K, committed 19968K, reserved 1048576K
}
Event: 1619.277 GC heap after
{Heap after GC invocations=174 (full 0):
 garbage-first heap   total 309248K, used 164570K [0x0000000080000000, 0x0000000100000000)
  region size 1024K, 5 young (5120K), 5 survivors (5120K)
 Metaspace       used 146686K, capacity 151171K, committed 151296K, reserved 1181696K
  class space    used 18306K, capacity 19916K, committed 19968K, reserved 1048576K
}
Event: 1619.343 GC heap before
{Heap before GC invocations=174 (full 0):
 garbage-first heap   total 309248K, used 174810K [0x0000000080000000, 0x0000000100000000)
  region size 1024K, 15 young (15360K), 5 survivors (5120K)
 Metaspace       used 146688K, capacity 151171K, committed 151296K, reserved 1181696K
  class space    used 18306K, capacity 19916K, committed 19968K, reserved 1048576K
}
Event: 1619.379 GC heap after
{Heap after GC invocations=175 (full 0):
 garbage-first heap   total 309248K, used 154599K [0x0000000080000000, 0x0000000100000000)
  region size 1024K, 2 young (2048K), 2 survivors (2048K)
 Metaspace       used 146688K, capacity 151171K, committed 151296K, reserved 1181696K
  class space    used 18306K, capacity 19916K, committed 19968K, reserved 1048576K
}
Event: 1619.818 GC heap before
{Heap before GC invocations=175 (full 0):
 garbage-first heap   total 309248K, used 231399K [0x0000000080000000, 0x0000000100000000)
  region size 1024K, 77 young (78848K), 2 survivors (2048K)
 Metaspace       used 146761K, capacity 151242K, committed 151296K, reserved 1181696K
  class space    used 18307K, capacity 19917K, committed 19968K, reserved 1048576K
}
Event: 1619.870 GC heap after
{Heap after GC invocations=176 (full 0):
 garbage-first heap   total 371712K, used 155238K [0x0000000080000000, 0x0000000100000000)
  region size 1024K, 2 young (2048K), 2 survivors (2048K)
 Metaspace       used 146761K, capacity 151242K, committed 151296K, reserved 1181696K
  class space    used 18307K, capacity 19917K, committed 19968K, reserved 1048576K
}
Event: 1623.650 GC heap before
{Heap before GC invocations=177 (full 0):
 garbage-first heap   total 371712K, used 291430K [0x0000000080000000, 0x0000000100000000)
  region size 1024K, 120 young (122880K), 2 survivors (2048K)
 Metaspace       used 146978K, capacity 151504K, committed 151552K, reserved 1181696K
  class space    used 18318K, capacity 19938K, committed 19968K, reserved 1048576K
}
Event: 1624.054 GC heap after
{Heap after GC invocations=178 (full 0):
 garbage-first heap   total 371712K, used 190147K [0x0000000080000000, 0x0000000100000000)
  region size 1024K, 15 young (15360K), 15 survivors (15360K)
 Metaspace       used 146978K, capacity 151504K, committed 151552K, reserved 1181696K
  class space    used 18318K, capacity 19938K, committed 19968K, reserved 1048576K
}
Event: 1624.076 GC heap before
{Heap before GC invocations=178 (full 0):
 garbage-first heap   total 371712K, used 192195K [0x0000000080000000, 0x0000000100000000)
  region size 1024K, 18 young (18432K), 15 survivors (15360K)
 Metaspace       used 146978K, capacity 151504K, committed 151552K, reserved 1181696K
  class space    used 18318K, capacity 19938K, committed 19968K, reserved 1048576K
}
Event: 1624.195 GC heap after
{Heap after GC invocations=179 (full 0):
 garbage-first heap   total 371712K, used 192075K [0x0000000080000000, 0x0000000100000000)
  region size 1024K, 2 young (2048K), 2 survivors (2048K)
 Metaspace       used 146978K, capacity 151504K, committed 151552K, reserved 1181696K
  class space    used 18318K, capacity 19938K, committed 19968K, reserved 1048576K
}
Event: 1624.492 GC heap before
{Heap before GC invocations=179 (full 0):
 garbage-first heap   total 371712K, used 237131K [0x0000000080000000, 0x0000000100000000)
  region size 1024K, 46 young (47104K), 2 survivors (2048K)
 Metaspace       used 147012K, capacity 151634K, committed 151808K, reserved 1181696K
  class space    used 18318K, capacity 19938K, committed 19968K, reserved 1048576K
}
Event: 1625.162 GC heap after
{Heap after GC invocations=180 (full 0):
 garbage-first heap   total 371712K, used 208128K [0x0000000080000000, 0x0000000100000000)
  region size 1024K, 6 young (6144K), 6 survivors (6144K)
 Metaspace       used 147012K, capacity 151634K, committed 151808K, reserved 1181696K
  class space    used 18318K, capacity 19938K, committed 19968K, reserved 1048576K
}
Event: 1625.684 GC heap before
{Heap before GC invocations=180 (full 0):
 garbage-first heap   total 371712K, used 212992K [0x0000000080000000, 0x0000000100000000)
  region size 1024K, 18 young (18432K), 6 survivors (6144K)
 Metaspace       used 147014K, capacity 151634K, committed 151808K, reserved 1181696K
  class space    used 18318K, capacity 19938K, committed 19968K, reserved 1048576K
}

